<?xml version="1.0" encoding="UTF-8"?>
<!-- Generated by org.testng.reporters.JUnitReportReporter -->
<testsuite hostname="3Q6AKPMTBB7X3XT" failures="0" tests="2" name="APItest.test_DemoApi" time="0.233" errors="0" timestamp="2020-05-14T13:25:32 CST" skipped="0">
  <testcase classname="APItest.test_DemoApi" name="testLogin" time="0.231"/>
  <testcase classname="APItest.test_DemoApi" name="testLogin" time="0.002"/>
</testsuite> <!-- APItest.test_DemoApi -->
