<?xml version="1.0" encoding="UTF-8"?>
<!-- Generated by org.testng.reporters.JUnitReportReporter -->
<testsuite hostname="3Q6AKPMTBB7X3XT" failures="0" tests="1" name="APItest.test_LoginApi" time="1.022" errors="0" timestamp="2020-04-29T10:13:16 CST" skipped="0">
  <testcase classname="APItest.test_LoginApi" name="testLogin" time="1.022"/>
</testsuite> <!-- APItest.test_LoginApi -->
