<?xml version="1.0" encoding="UTF-8"?>
<!-- Generated by org.testng.reporters.JUnitReportReporter -->
<testsuite hostname="3Q6AKPMTBB7X3XT" failures="0" tests="1" name="APItest.test_LoginApi" time="2.106" errors="0" timestamp="2020-05-06T10:39:55 CST" skipped="0">
  <testcase classname="APItest.test_LoginApi" name="testLogin" time="2.106"/>
</testsuite> <!-- APItest.test_LoginApi -->
