<?xml version="1.0" encoding="UTF-8"?>
<!-- Generated by org.testng.reporters.JUnitReportReporter -->
<testsuite hostname="3Q6AKPMTBB7X3XT" failures="0" tests="1" name="APItest.test_CheckSmsApi" time="1.579" errors="0" timestamp="2020-05-11T13:16:37 CST" skipped="0">
  <testcase classname="APItest.test_CheckSmsApi" name="testSendSms" time="1.579"/>
</testsuite> <!-- APItest.test_CheckSmsApi -->
