<?xml version="1.0" encoding="UTF-8"?>
<!-- Generated by org.testng.reporters.JUnitReportReporter -->
<testsuite hostname="3Q6AKPMTBB7X3XT" failures="0" tests="1" name="APItest.test_SendsmsApi" time="4.505" errors="0" timestamp="2020-04-28T16:56:45 CST" skipped="0">
  <testcase classname="APItest.test_SendsmsApi" name="testSend" time="4.505"/>
</testsuite> <!-- APItest.test_SendsmsApi -->
